{
  "agent_config": {
    "host": "http://localhost:11434",
    "max_iters": 3,
    "model": "devstral-small-2:24b-cloud",
    "repo": "output/demo_repo",
    "temperature": 0.0,
    "verbose": false
  },
  "command": "coverage run -m pytest -q && coverage json -o .coverage.json",
  "module_coverage": {},
  "module_path": null,
  "pytest_output": "...........................................F..FFFFF..F...F...            [100%]\n=================================== FAILURES ===================================\n______________________________ test_add_infinity _______________________________\n\n    def test_add_infinity():\n        assert add(float('inf'), 1) == float('inf')\n        assert add(float('-inf'), 1) == float('-inf')\n>       assert add(float('inf'), float('-inf')) == float('nan')\nE       AssertionError: assert nan == nan\nE        +  where nan = add(inf, -inf)\nE        +    where inf = float('inf')\nE        +    and   -inf = float('-inf')\nE        +  and   nan = float('nan')\n\ntests/test_calculator.py:156: AssertionError\n_____________________________ test_divide_infinity _____________________________\n\n    def test_divide_infinity():\n        assert divide(float('inf'), 2) == float('inf')\n        assert divide(float('-inf'), 2) == float('-inf')\n>       with pytest.raises(ZeroDivisionError):\nE       Failed: DID NOT RAISE <class 'ZeroDivisionError'>\n\ntests/test_calculator.py:173: Failed\n_________________________________ test_add_nan _________________________________\n\n    def test_add_nan():\n>       assert add(float('nan'), 1) == float('nan')\nE       AssertionError: assert nan == nan\nE        +  where nan = add(nan, 1)\nE        +    where nan = float('nan')\nE        +  and   nan = float('nan')\n\ntests/test_calculator.py:179: AssertionError\n______________________________ test_subtract_nan _______________________________\n\n    def test_subtract_nan():\n>       assert subtract(float('nan'), 1) == float('nan')\nE       AssertionError: assert nan == nan\nE        +  where nan = subtract(nan, 1)\nE        +    where nan = float('nan')\nE        +  and   nan = float('nan')\n\ntests/test_calculator.py:183: AssertionError\n______________________________ test_multiply_nan _______________________________\n\n    def test_multiply_nan():\n>       assert multiply(float('nan'), 1) == float('nan')\nE       AssertionError: assert nan == nan\nE        +  where nan = multiply(nan, 1)\nE        +    where nan = float('nan')\nE        +  and   nan = float('nan')\n\ntests/test_calculator.py:187: AssertionError\n_______________________________ test_divide_nan ________________________________\n\n    def test_divide_nan():\n>       assert divide(float('nan'), 1) == float('nan')\nE       AssertionError: assert nan == nan\nE        +  where nan = divide(nan, 1)\nE        +    where nan = float('nan')\nE        +  and   nan = float('nan')\n\ntests/test_calculator.py:191: AssertionError\n___________________________ test_multiply_type_error ___________________________\n\n    def test_multiply_type_error():\n>       with pytest.raises(TypeError):\nE       Failed: DID NOT RAISE <class 'TypeError'>\n\ntests/test_calculator.py:209: Failed\n________________________ test_is_prime_with_edge_cases _________________________\n\n    def test_is_prime_with_edge_cases():\n>       assert is_prime(1) == False\n               ^^^^^^^^^^^\n\ntests/test_prime_checker.py:29: \n_ _ _ _ _ _ _ _ _ _ _ _ _ _ _ _ _ _ _ _ _ _ _ _ _ _ _ _ _ _ _ _ _ _ _ _ _ _ _ _ \n\nn = 1\n\n    def is_prime(n: int) -> bool:\n        \"\"\"Check if a number is prime.\n    \n        Args:\n            n: Integer to check for primality.\n    \n        Returns:\n            True if n is prime, False otherwise.\n    \n        Raises:\n            ValueError: If n is less than 2.\n        \"\"\"\n        if n < 2:\n>           raise ValueError(\"Number must be 2 or greater\")\nE           ValueError: Number must be 2 or greater\n\nsrc/prime_checker.py:16: ValueError\n=========================== short test summary info ============================\nFAILED tests/test_calculator.py::test_add_infinity - AssertionError: assert n...\nFAILED tests/test_calculator.py::test_divide_infinity - Failed: DID NOT RAISE...\nFAILED tests/test_calculator.py::test_add_nan - AssertionError: assert nan ==...\nFAILED tests/test_calculator.py::test_subtract_nan - AssertionError: assert n...\nFAILED tests/test_calculator.py::test_multiply_nan - AssertionError: assert n...\nFAILED tests/test_calculator.py::test_divide_nan - AssertionError: assert nan...\nFAILED tests/test_calculator.py::test_multiply_type_error - Failed: DID NOT R...\nFAILED tests/test_prime_checker.py::test_is_prime_with_edge_cases - ValueErro...\n8 failed, 53 passed in 0.12s",
  "tests_passed": false,
  "timestamp_utc": "2026-02-10T11:00:39.322108+00:00",
  "total_coverage_percent": 100.0
}


